<?xml version="1.0" encoding="UTF-8"?>
<!-- Generated by org.testng.reporters.JUnitReportReporter -->
<testsuite hostname="DESKTOP-EL3BLUB" failures="0" tests="1" name="cucumber.testNGTestRunner" time="26.943" errors="0" timestamp="2024-11-24T12:12:24 IST" skipped="0">
  <testcase classname="cucumber.testNGTestRunner" name="runScenario" time="26.943"/>
</testsuite> <!-- cucumber.testNGTestRunner -->
