<?xml version="1.0" encoding="UTF-8"?>
<!-- Generated by org.testng.reporters.JUnitReportReporter -->
<testsuite hostname="DESKTOP-EL3BLUB" failures="0" tests="3" name="chillakaveri.tests.submitOrderTest" time="47.364" errors="0" timestamp="2024-11-23T18:55:04 IST" skipped="0">
  <testcase classname="chillakaveri.tests.submitOrderTest" name="orderhist" time="6.224"/>
  <testcase classname="chillakaveri.tests.submitOrderTest" name="submitOrder" time="22.145"/>
  <testcase classname="chillakaveri.tests.submitOrderTest" name="submitOrder" time="18.995"/>
</testsuite> <!-- chillakaveri.tests.submitOrderTest -->
