<?xml version="1.0" encoding="UTF-8"?>
<!-- Generated by org.testng.reporters.JUnitReportReporter -->
<testsuite hostname="DESKTOP-EL3BLUB" failures="0" tests="1" name="chillakaveri.tests.ErrorvalidationsTest" time="6.169" errors="0" timestamp="2024-11-23T20:05:59 IST" skipped="0">
  <testcase classname="chillakaveri.tests.ErrorvalidationsTest" name="LoginErrorValidation" time="6.169"/>
</testsuite> <!-- chillakaveri.tests.ErrorvalidationsTest -->
