<?xml version="1.0" encoding="UTF-8"?>
<!-- Generated by org.testng.reporters.JUnitReportReporter -->
<testsuite hostname="DESKTOP-EL3BLUB" failures="0" tests="3" name="chillakaveri.tests.submitOrderTest" time="46.703" errors="0" timestamp="2024-11-23T20:05:59 IST" skipped="0">
  <testcase classname="chillakaveri.tests.submitOrderTest" name="submitOrder" time="22.010"/>
  <testcase classname="chillakaveri.tests.submitOrderTest" name="submitOrder" time="20.964"/>
  <testcase classname="chillakaveri.tests.submitOrderTest" name="orderhist" time="3.729"/>
</testsuite> <!-- chillakaveri.tests.submitOrderTest -->
